:10400000B240805A20013F40C4853E4000113D40EF
:1040100020110D9E0524FE4F00001E530E9DFB2B0C
:104020003F4020113D40C2120D9F0524CF430000A8
:104030001F530F9DFB2B3040F24D30403E4000138C
:104040000000100050009000D000F0000C000000B4
:104050000C0000001B010400900104009101040009
:10406000920104000F4212C30F100F110F115FF3E2
:1040700032C203437FF330414F93012432D23041A7
:104080000F120E120D120C12B0129C403C413D4119
:104090003E413F41B1C0F000000000131F426201E9
:1040A0008F105FF302241F42720130411F426401EE
:1040B0008F105FF302241F42740130411F426601DA
:1040C0008F105FF302241F42760130410F120E124F
:1040D0000D120C121F422E0112C34F107FF31F93BB
:1040E0000B242F9303340F9304240B3C2F930724AA
:1040F000083CB0129C40053CB012AC40023CB012EF
:10410000BC403C413D413E413F41B1C0F000000058
:1041100000130F120E120D120C124F43B012324147
:104120003C413D413E413F41B1C0F0000000001321
:1041300030414E4F7FF33F928E2C0F5F104F404126
:1041400050419641B441E641184228423842484223
:104150001F4282018F105FF303241F4292013041FE
:10416000B2F0EFFF820182935E12122082936012FE
:104170000F20B012E07592930A117020A2430A1129
:10418000B012AE49B012BE494F43B0128046304122
:10419000B0129C4230413E4084012F4E8F105FF39D
:1041A0005D241F4294019EC30000AEC30000B01204
:1041B0003A7330411F4286018F105FF303241F4280
:1041C00096013041B2F0EFFF860182935812082029
:1041D00082935A1205207F400900B012AE4530414B
:1041E000B012824A30411F4288018F105FF30324CE
:1041F0001F4298013041B2F0EFFF880182933C12D8
:10420000082082933E1205205F421E11B0122C83BB
:104210003041B012D04C30411F428A018F105FF301
:104220001D241F429A0130411F428C018F105FF301
:1042300015241F429C0130411F428E018F105FF3F5
:104240000D241F429E0130419253A4118263A61196
:1042500092539C1130414F4EB012304130410B12FD
:104260000A120912081207120A4E0B4F084C094D88
:10427000B0126440474F824ABA11824BBC11824847
:104280005E1282496012B0129C424F47B0127840D1
:104290003741384139413A413B4130410B120A1212
:1042A00009120812B01284430A4E0B4F1E42BA1173
:1042B0001F42BC111E525E121F626012084E094F4F
:1042C000088A097B0C4A0D4B1C82BA111D72BC1165
:1042D00008280C4E0D4F1C82BA111D72BC110F28FC
:1042E000073C0C4E0D4F1C82BA111D72BC11052CDF
:1042F0000C4A0D4B0C8E0D7F0228084309430C48D5
:104300000D493C8001800D7314280E4A0F4B3E501E
:1043100000800F63824EBA11824FBC11385000806A
:10432000396382485E128249601238400080094336
:104330000A3C92525E12BA1192626012BC11824320
:104340005E12824360120B4A0A48B012CE430E4FEF
:104350000E8B0E98042C0A8E3A900300042CB01297
:10436000CE432F53013C0F5A824F92013F408201AE
:104370009FC30000BFD010000000384139413A41CE
:104380003B4130410B120A1209120812B01264406C
:10439000484F19429C11B012CE430E4F1F4280016C
:1043A0005FF37FF34F9304241953B012CE430E4FA3
:1043B0000F430B490A430ADE0BDF4F48B012784027
:1043C0000E4A0F4B384139413A413B4130411E4280
:1043D00090013D4090010F4E2E4D0F9EFC230F4E3D
:1043E00030410B120A120912B0126440494FB01248
:1043F00026440C4E3A404600B012CE840F4E3F5039
:104400000B00824FD0111A42D0110B43B0128443DB
:104410000C4A0D4BB0125E424F49B0127840394100
:104420003A413B4130410B120A121C42B4111D4269
:10443000B6110E430F4303120312031230124E83C0
:10444000B012148531520A4C0B4D12C30B100A10D6
:104450000C4E0D4F0E430F430C5A0D6B0E4C0F4D6F
:104460000EF33FF000800FDE0F9304243DF0FF7F3A
:104470001C530D63824CB411824DB6110E4C0F4D7E
:104480003A413B4130410B127F400300B012A4443B
:104490004B4F4F9304247F400300B01280464F4B94
:1044A0003B4130410B120A1209124A4FB0126440CC
:1044B0004B4F5E434F43B01232454F9306244F4B50
:1044C000B01278403F400500303C4F43B012684581
:1044D0004F930424C24A0D114943233C4943C293DC
:1044E00010111120E2431011C249CF11B0127E45C4
:1044F000C299111106203F400211B01202460F432B
:10450000033CC24310111F431FF3494F4F93032035
:10451000C24A0D11063CB0126440C243C611B0122B
:1045200078404F4BB01278404F4939413A413B41B6
:1045300030410B120A1209124A4F4B4E5943B01226
:1045400064404E4F4B9304244F4ACF93C61104202E
:104550004F4ACF4BC61149434F4EB01278404F4996
:1045600039413A413B413041C29F11110620F2903E
:104570000300101102201F4330410F433041D293FA
:1045800011111320D293101105207F400700B012A3
:10459000AE45093CE29310110820D242CF1111110F
:1045A000F240030010110F4330411F4330410B1202
:1045B0004B4FB01264404D4F0E434F4BFF93701260
:1045C0000320C29B8C1201201E430F434E930D20EB
:1045D000F2936C120320C24B6C12043C5F428C12AB
:1045E000CF4B7012C24B8C121F434F9303207B4062
:1045F0000500013C4B434F4DB01278404F4B3B41BF
:1046000030410B120B4FB01264404D4FD24370003B
:10461000F2F0DAFF7000D2437000F2F03F000400C5
:104620003E401B00FEF0EFFF0000FEF0DFFF000049
:104630005F4B02007FD00500C24F7000D24B0300D9
:1046400071002F4BC24F74008F107FF3C24F750063
:10465000C2437300EED30000EED20000FED2000091
:10466000F2D040000400D2C37000F2F03F0002001C
:10467000F2F03F0000004F4DB01278403B41304116
:104680000B120A124B4FB01264404A4F5E434F4325
:10469000B01232454F931A20C24B0D114F43B01246
:1046A00068454F9305247F400500B012AE45173C86
:1046B000C293101104244F43B0128072103CD243B5
:1046C0001011C243CF11B0127E45093C4E4B1F431F
:1046D0000E9303240F5F1E83FD23C2DF0C114F4A8C
:1046E000B01278400F433A413B4130410B120A125D
:1046F0005B43B01264404A4FB29216111A207F40B9
:104700000900B0129E477F400300B0124A48B01221
:10471000324992431611B0126440F240030008116E
:10472000B01278406F43B012AE454F4AB012784095
:10473000333CB0124049C293CA1103247F400500A4
:10474000013C6F42B0129E477FF206204F43B012E9
:104750009E477FF201244B434B9303243F400300C9
:10476000023C3F400500824F1611B01232494F4AB9
:10477000B01278404B930924C243DB117F40030001
:10478000B0124A48B012E243073CB01284433C40A6
:1047900040010D43B0125E423A413B4130410B12A1
:1047A0000A124A4FB01264404B4F4E434F43B0126F
:1047B000D4474F9305244F4BB01278400F43073C2A
:1047C0004F4BB01278404F4AB01200487FF33A4145
:1047D0003B4130410B120A1209124B4F4A4EB012A4
:1047E00064404E4F49434F4BCF9AC6110120594365
:1047F0004F4EB01278404F4939413A413B41304128
:104800000B124B4FB0126440C24B7700B01278408D
:104810005F4202007FF0400002241F43013C0F432F
:104820007FF34F93F527F2F0BFFF0200B012364836
:104830007FF33B4130410B12B01264405B42760083
:10484000B01278404F4B3B4130410B120A12091213
:1048500008124B4FB0126440484FC29B0D111324F5
:10486000B01278401F43343CC24C0D111F430E93CD
:1048700003240F5F1E83FD23C2CF0C117F40050070
:10488000B012AE45213CF2430D11C2930C11142419
:104890004C4359420C117A400500B012B2844C4E80
:1048A0007EF30D4E0F490D9303240F111D83FD233D
:1048B0001FF3DA235C53EF3FB0126440C243C611CA
:1048C000B0127840B012DA484F48B01278400F4327
:1048D000384139413A413B413041C2930C110920E2
:1048E000F2930D1106204E434F43B012D4474F931D
:1048F00002201F433041D2435911C2932011022498
:10490000C2435911C293591105244F43B012B872D2
:104910000F4330413F4005003041F2F0BFFF04003B
:104920003F401B00EFC30000EFC20000FFC20000C9
:104930003041B0126440E2D21D00B01278403041E4
:10494000B0126440E2C21D00B012784030410B1238
:104950004B4F92431611C2432011B012DA48B012E5
:104960006440C24B0811B01278406F43B012AE459C
:104970003B4130413E408401BEF0EFFF0000E2D3F6
:104980001F009EC30000AEC300003FF003008F1065
:104990000F5F0F5F0F5F0F5F0F5F0F5F3FD000096B
:1049A0008E4F0000BED0100000000F433041B01207
:1049B0006440F2F0BFFF1D00B01278403041B012E9
:1049C0006440F2D040001D00B012784030416F4F7B
:1049D0007F50FBFF7FF330410B120A1209120812BD
:1049E00007120612094F474E4B4C084DB012644057
:1049F0004A4F4E434F43B012D4474F9305244F4A7A
:104A0000B01278400F43203C4F4AB01278404F47D5
:104A1000095F4F497FD080FFB0120048474F0F49D0
:104A200012C30F107FF0C0FFB01200484B930B244D
:104A30004A4B4F4B0E4A0E8F0F4E0F586F4FB0120E
:104A400000487B53F6234F473641374138413941BF
:104A50003A413B4130410B120B4FCF432D003F50A9
:104A60002E00CF430300CF430200CF4301003C4060
:104A700000800D430E4C8E107EF3CB4E2E003B413A
:104A800030410B120A1209120812B012804B0A4E62
:104A90000B4F1E4268121F426A121E5258121F62AA
:104AA0005A12084E094F088A097B0C4A0D4B1C828A
:104AB00068121D726A1208280C4E0D4F1C82681273
:104AC0001D726A120F28073C0C4E0D4F1C82681293
:104AD0001D726A12052C0C4A0D4B0C8E0D7F02289C
:104AE000084309430C480D493C8001040D73142808
:104AF0000E4A0F4B3E5000040F63824E6812824FE5
:104B00006A12385000FC39638248581282495A129E
:104B10003840000409430A3C9252581268129262CB
:104B20005A126A128243581282435A120B4A0B5B82
:104B30000B5B0B5B0B5B0B5B0F480F5F0F5F0F5F3C
:104B40000F5F0A4F0A5AB012CE430E4F0E8B0E9AC9
:104B5000042C0A8E3A900300042CB012CE432F533B
:104B6000013C0F5A824F96013F4086019FC30000CF
:104B7000BFD010000000384139413A413B4130413B
:104B80000B120A120912B0126440494F1A42A411C2
:104B90001B42A611B012CE430E4F1F4280015FF39D
:104BA0007FF34F9305241A530B63B012CE430E4F7D
:104BB0000F4E12C30F100F110F110F110F110C4FC9
:104BC0000D430E4A0F4B4FEE0FEE8F107EF38E10FB
:104BD0000E5E0F6F0E5E0F6F0A4E0B4F0A5A0B6B75
:104BE0000ADC0BDD4F49B01278400E4A0F4B3941B9
:104BF0003A413B4130410B120A124B4FB012644014
:104C00004A4FB012984C4F9B40205F425D127FF29A
:104C100009248293021206204F4AB01278403F4086
:104C20000600373C5F425D127FF0200006244F4AA9
:104C3000B01278403F4005002C3CF2D020005D12BD
:104C4000C24B3A124F43B012AA4C3FF00F00B012C1
:104C50002482B2D01000A001B2D00300A0015F42B4
:104C60005D127FF040000C243F4064018F43000040
:104C7000AF420000BF40E00000001F43B012B24C42
:104C80004F4AB01278400F43043C4F4AB01278406C
:104C90001F433A413B413041E2931B1103243F4003
:104CA000FF0030415F421C1130417FF35F4F8000B5
:104CB00030413E4060012D4E3DF0CFFF0F5F0F5F52
:104CC0000F5F0F5F3FF030000DDF8E4D0000304171
:104CD0000B120A1209120812B012804B0A4E0B4F27
:104CE0001E4286121F4288121E523C121F623E1242
:104CF000084E094F088A097B0C4A0D4B1C8286120C
:104D00001D72881208280C4E0D4F1C8286121D72CF
:104D100088120F28073C0C4E0D4F1C8286121D7204
:104D20008812052C0C4A0D4B0C8E0D7F022808436F
:104D300009430C480D493C8001040D7314280E4AA8
:104D40000F4B3E5000040F63824E8612824F881232
:104D5000385000FC396382483C1282493E12384088
:104D6000000409430A3C92523C12861292623E129F
:104D7000881282433C1282433E120B4A0B5B0B5B50
:104D80000B5B0B5B0B5B0F480F5F0F5F0F5F0F5FE2
:104D90000A4F0A5AB012CE430E4F0E8B0E9A042CB5
:104DA0000A8E3A900300042CB012CE432F53013CDC
:104DB0000F5A824F98013F4088019FC30000BFD027
:104DC00010000000384139413A413B4130410F1257
:104DD0000E120D120C121F421E0112C34F10B01200
:104DE00032413C413D413E413F41B1C0F0000000F5
:104DF00000133140FC38B01264404A4F3D4013006C
:104E00003E40FF003F407012B0123E84F2436C12ED
:104E1000F2438C12A242600182432E01A242800121
:104E200082431E01B24020026001B2402001800195
:104E3000F24084FF5700C2435800B2400040820154
:104E4000B012CE7F5F4257007FF007007FD080FF17
:104E5000C24F5700E2425800E2C300008243700193
:104E6000B2400202600182439001B240020180011F
:104E70001F4260013FF0CFFF3FD02000824F600112
:104E80001F4280013FF0CFFF3FD02000824F8001C2
:104E9000B012FA6E3F403200FFD010000000FFD089
:104EA00020000000FFD0400000003F403100FFD054
:104EB00010000000FFD020000000FFD040000000E4
:104EC000B012C2504F93FC234D433C40D4114F4D80
:104ED0000E4F0E5E0F4E0F5C3E5024118F4E0000A1
:104EE0005D537D900300F32382439E11B0125069FD
:104EF0009142A0010000E1D20000F1D20000A241E5
:104F0000A0014C430D433B4044120F4D0F5F0F5F18
:104F10000E4F0E5BBE430000CF4346121D532D9231
:104F2000F43BB0122644C24E2A111F4200111F53F7
:104F3000824FB4118243B6113F408601BFF0EFFFAC
:104F40000000BF4000400000B24004122211F2F005
:104F5000EFFF22003F401E00EFD20000EFC3000031
:104F60003F408201BFF0EFFF0000BF400040000063
:104F7000F2439E120F43CF43C6111F532F92FB2BB8
:104F80003F401E00EFD20000FFD040000000FFD0E5
:104F900020000000B0125057824F6E12D2421411FE
:104FA000D211C243D311F2401F00CE11F2401A00B9
:104FB0005C12D243AF11C2436212D243B811C24352
:104FC000C411B012C2504F93FC234F4AB012784024
:104FD00032D2C243E311D243E2111F420011C24F49
:104FE000E5118F10C24FE411B0126440F2D23600C6
:104FF000B0127840B0126440F2D23500B01278405E
:10500000B0127069B012CE6F4F930224B012E45503
:10501000B01264404A4F193CC29306110A24B012E0
:105020003A807E4005007F900500012C4E4FC24E15
:1050300007115F4207110F5F1F4F40403FD2814F62
:10504000020012D1020032C20343F2936C12102408
:105050005E426C125F426C12D24F70126C12F2936D
:105060006C120220F2438C124F4EFF437012023C2E
:105070003F40FF004B4F7F93CF274F4AB0127840FD
:105080004F4BB012FE50C43F21523040AE840D4F02
:105090005E4257007EF0F8FF8F107FF007004EDF72
:1050A000C24E5700C24D560030414F930324E2D305
:1050B0001900023CE2C31900F2D21900F2C2190031
:1050C0003041F2936C1210245E426C125F426C12FB
:1050D000D24F70126C12F2936C120220F2438C12B7
:1050E0004F4EFF437012023C3F40FF007F9302206F
:1050F0000F433041B012FE501F43304130410B127C
:105100000A12091208120712061221834E4F7FF36A
:105110003F90130002283040BE550F5F104F2051C2
:105120004651C651D2516052665270520E5334539A
:10513000665340547C548254BE54DA54F854485553
:105140009455A255A855B01264404B4F5F43B0121E
:10515000744992431611C2431811C2432011C2432D
:1051600064124F4BB0127840B01264404B4FB012F3
:105170006E689243B011C243A011D2C32500D2C3BE
:105180002300D2D32400D2D325004F4BB012784055
:10519000B0129C71B0120072B0126440E243C711A9
:1051A000B01278405F42E2118F105E42E3110FDED1
:1051B0000E4F0F430D4E0E4F5F43B012C066C243F9
:1051C0008D123040C455B0126440C243C711304004
:1051D0009C55B01264405A420811B01278407E408B
:1051E00003005F43B012D4474F932924B0126440A8
:1051F0004B4F82431611B2F0EFFF8201B2F0EFFF86
:105200008401E2C31F007F400300B0124A48B0127D
:1052100032494F4BB0127840B012127A82430A11D1
:10522000B012AE49B0126440F2F0DFFF1D00B012C0
:105230007840B012BE495F43B012AE45063CB01292
:105240006440E243C711B01278401B428412B0128E
:1052500022595F4B0B004D4A0E4BB0126E7EB23D91
:10526000B012F070AF3DB0126440C243AE11963D33
:10527000B01264405B420D11B01278407BF32B9367
:105280002E243B90030005340B9309241B930C241C
:10529000993D3B90030035242B923624933DB01268
:1052A0004049B0122A718E3DB01240497F4006003D
:1052B000B0129E47B0128668B012B668B0120C6980
:1052C000B0123249B01240497F400300B0129E47ED
:1052D000B01232495F43B0124A486F420A3DB012E1
:1052E00040490E417F401300B0122472B01232497F
:1052F0006F43B0124A48B1507F000000C143010023
:10530000613DB0126E765E3DB01288675B3DB012B3
:1053100064404B4F1A4290121E42AA111D42AC111A
:105320005F4239120F9304204C430F4AB012FE67BC
:105330004F4B343DB0126440D242CF111111F240B4
:1053400003001011B01278405F4211110F93042036
:105350003F400211B01202465F4211110F933221F9
:105360007F400500C63C1E422211694E4F490F5E28
:105370006D4F4D5D4D434D6DCE4D2B006D4F7DF00E
:105380007F00CE4D2900DE4FFFFF28001A42221178
:10539000B012DC704F9302201F43193C0743084AA8
:1053A000385006005F4801008F105E4A06000B4F20
:1053B0000BDEB012AC660B9F08245F4801008F1013
:1053C0005E4A06000FDE3F93012017430F474F93BD
:1053D0002E2479900D002B281B4222110E4B3E509B
:1053E0000C004D497D50F3FFFB903F000A001C204C
:1053F000074E464D5F4B09008F105E4B08000A4F69
:105400000ADE5F4B0300494F4E4F0F4AB0125C81DA
:105410004F930A204E490F4AB0129E814D460E47C7
:105420000F4BB012706F013C0F4B824F2211B01224
:105430006440C243A011B0127840B012EC66C23C86
:10544000C29358111620B01264401A4268121B42CF
:105450006A121A5258121B625A12B0127840C24392
:1054600058111C4254121D4256120E4A0F4BB012D4
:105470006E66B012804BB0129A65A43CB012367AB8
:10548000A13C5F42A8112F930B243F9003000334EB
:105490000F9304240C3C2F920624093C4F43053CF7
:1054A0007F400300023C7F400600B01230591D428D
:1054B000CC114E435F42A811B012B063833CB012CE
:1054C0006440D242FF111C11E2431B11B01278401C
:1054D0005F421C11B012A082753CF2931D11722420
:1054E000B012207E4F930320F2431D116B3C7F408E
:1054F0000D00B012AE45663C5B421E11B012644016
:105500004E4F7BF30F4B0F5F8F4324110D4F3D50D8
:1055100024118F4DD4114F4EB0127840F240030049
:105520001E111B930A242B9303340B9304244A3C2F
:105530002B930524473C5F43043C6F42023C7F4071
:105540000700B01230593E3C5A421E11B01264405E
:105550004E4A0E5E1B4E2411B01278400B93042469
:105560001B4B02000B93FC23B01264404E4F4F4A7A
:105570000F5F8F4324110D4F3D5024118F4DD411D7
:105580004F4EB0127840F24003001E114F4AB01245
:105590005A83183CB01264408243C211B012784062
:1055A000113CB012007F0E3C5F421F110F5F5D4344
:1055B0001E4F60115F421F11B012F455033C4F4E55
:1055C000B012FC50215336413741384139413A41FC
:1055D0003B413041B0126440F2E020003100B01293
:1055E00078403041B0126440F2E010003100B01257
:1055F000784030410B120A1209120812494F484DE7
:105600007FF30F5F8F436011C2431F114D433C4036
:1056100060115F421F110F5F0F5C8F930000132416
:105620005E421F114F4E12C34F104F114F117FF3A7
:105630005F4F66123EF007000E9303240F111E8386
:10564000FD231FF30524C2431F115D53E227023CD3
:105650004D930224D2431F11C2931F1117201B42E6
:1056600060115A4B0B000F4BB012AE560E4F6F4BE2
:105670007F50F3FF7FF34C4F0D4B4F4AB012BE5695
:105680004F9304247F401200B012AE454F490F9350
:10569000092048930320B012D455023CB012E455BF
:1056A000C2430012384139413A413B4130410E4F2B
:1056B0005F4F07008F105E4E06000FDE30410B1269
:1056C0000A12091208124B4F0F4E094D484CCD4B90
:1056D0000B00C94E06008F10CD4F07000A4D2A520D
:1056E000B01264401B42D211B0127840C94B040082
:1056F0000F4B8F10CA4F01000B493B52B01250574D
:10570000C94F08008F10CB4F01005E436F43B012AA
:1057100032454F9315205F422A11D2532A11C94FA7
:105720000300F9403F000A004E480F49B0120870CC
:105730007FF34B4F4F930224B01222594F4B023C40
:105740003F4005007FF3384139413A413B41304108
:105750000B12B01264401B421211B01278400F4B72
:105760003B4130410B120A1209121A42C0115B4A26
:105770002A004B9302207B401F00B0124049C29B7D
:1057800064120A240F4B3FF01F003FD0E0800E4F01
:105790007F401500B012E657C24B6412094A6A4AAC
:1057A0007A53B01264404B4F4E434F43B012D4472C
:1057B0004F9304244F4BB0127840113C4F4BB01222
:1057C0007840B2403E00DC115F42DC11B01200486C
:1057D0004F4A0C4F0D430E494F43B01232583941D6
:1057E0003A413B4130410B120A1209124A4F094E0D
:1057F000B01264404B4F4E434F43B012D4474F93C7
:1058000005244F4BB01278400F430F3C4F4BB01262
:1058100078404F4AB01200480F498F107FF3B01202
:1058200000484F49B01200487FF339413A413B41AB
:105830003041C24F3912824E9012824DAA11824CD1
:10584000AC118243B2110C930D24B0126440F2F0FB
:10585000BFFF0200F2D040000000B0127840B0124A
:105860007058043C7F400600B012AE450F433041F3
:105870000B120A120912B0126440494F829390121F
:1058800006241F4290121F52B2116B4F013C4B4332
:10589000B0126440C24B7700B01278405A42B21145
:1058A0006A534F4A829FAC11022C5A42AC11925358
:1058B000B2114F4A829FB2112D2C5F4202007FF03D
:1058C000400002241F43013C0F437FF34F93F52711
:1058D000B01236484E4F8293AA1106241F42AA11D5
:1058E0001F52B211CF4EFFFF8293901206241F4227
:1058F00090121F52B2116B4F013C4B43B0126440E7
:10590000C24B7700B01278409253B2114F4A829F37
:10591000B211D32B4F49B012784039413A413B4143
:105920003041B0126440C243C811B01278403041D7
:105930000B124B4FC29F1D1104207F400D00B0126F
:10594000AE454F4BB01252597FF33B4130411F439C
:1059500030414E4F7FF33F900900242C0F5F104FD2
:105960006259745978597C59805986598A59905985
:1059700096599C594F43133C5F43113C6F430F3C76
:105980007F4003000C3C6F420A3C7F400500073C0F
:105990007F400600043C7F400700013C7F42B0127C
:1059A000AE59033C4F4EB0124E597FF330410B12AB
:1059B0000A1209124B4F4A43B0126440494FE29316
:1059C0001B112020C29B1C111D200F43CF939E1141
:1059D00012201F532F93FA2B1F437FF34F930D2059
:1059E000B012947CC24FFF11D2431B117F400C00B8
:1059F000B012AE45063C0F43F03FF2431C11C243C8
:105A00001B115A434F49B01278405A9302200F435A
:105A1000013C1F4339413A413B4130414E4F12C393
:105A20004F104F114F114D4F3EF007001F430E9383
:105A300003240F5F1E83FD235FFD9E117FF3304122
:105A40002183B01264404E4F1F42A2015FF37FF3E7
:105A50004F9305244F4EB01278401F43103C9142A3
:105A6000A0010000E1C30000A241A001F1F0DFFFAE
:105A70000000A241A0014F4EB01278400F432153C5
:105A800030410B120A120912081207123C400C0096
:105A90000C514B4F094D0A4E374C384C2C825D4C03
:105AA00004007FF30F5F0F5F4E4B0E5E0F5E0F5EC5
:105AB0000F5E0E4F3E5030118F4930118F4A321118
:105AC0008E4704008E4806004F4D5FF3DEC308008A
:105AD000CEDF0800EED308007F400A00B012AE45CA
:105AE0003741384139413A413B4130410B124B4F2C
:105AF000B012F4820E4F6F4F12C34F104F114F115F
:105B00004F113FF007001F9303243F9005001D2015
:105B1000F2931D111320C24B1D11FEB08000000036
:105B20004F434F637FF30F930320B012B67D023CC7
:105B3000B012507D4F930C24F2431D114F4BB01205
:105B400052594F4BB012585B033C4F4BB012265C7E
:105B50003B4130411F4330414E4F7FF33F9009009E
:105B6000242C0F5F104F685B7A5B7E5B825B865BE9
:105B70008C5B905B965B9C5BA25B4F43133C5F43EB
:105B8000113C6F430F3C7F4003000C3C6F420A3CCA
:105B90007F400500073C7F400600043C7F40070033
:105BA000013C7F42B012B45B033C4F4EB012545BD9
:105BB0007FF330410B120A124B4FB01264404A4F30
:105BC000C2931B110D20D2431B11C24BFF117F400A
:105BD0000C00B012AE454F4AB01278400F431F3C44
:105BE0004F4BB0121C5A4F9313204F4B12C34F1000
:105BF0004F114F114E4F0D4B3DF007001F430D93BA
:105C000003240F5F1D83FD23CEDF9E110F43023C53
:105C10003F4005004B4F4F4AB01278404F4B3A413E
:105C20003B41304130414E4F7FF33F900900322CD1
:105C30000F5F104F365C485C4C5C585C5C5C605C91
:105C40006C5C725C7A5C8A5C4F43143C1D4292121D
:105C50001E4294124F43163C5F43193C6F430A3C6B
:105C60001D4296121E4298125F430C3C7F40030077
:105C70000E3C6F42B012186330411D429A121E4210
:105C80009C126F43B012765E30417F400500B01227
:105C90009C5C30414F4EB012245C3041B012B05C7D
:105CA0004F930320D243FE113041E243FE113041B5
:105CB0004D4F7C4006007FF33E405C402F931924FB
:105CC0003F90030007343E4058400F9312241F9327
:105CD00010240D3C3E4060402F920B243E405C401F
:105CE0002F9207383E4060403F90050002243E401E
:105CF0004C406F4E3FF00F003F900C0026244F4D5C
:105D00002F9314243F90030005340F930B241F930B
:105D10000B24193C2F9210242F920B383F90050032
:105D20000E24113C4F430C3C6F430A3C7F40030060
:105D3000073C7F400500043C7F400600013C7F4259
:105D4000B0124E5D013C5F434C4F4F4C30410B1243
:105D50000A120912081221834B4F0A4E79420E9300
:105D600003203F400600813CB0126440484F5F4230
:105D70005D127FF0200006244F48B01278403F406B
:105D80000500733CB012984C4F9B6B205F4A01009A
:105D90003FF003000F5F0F5F0F5F3DF0E0FF0DDF8F
:105DA0005F4A010012C34F104F113FF007000F5F11
:105DB0000F5F0F5F0F5F0F5F3DF01FFF0DDF3DF0C7
:105DC000FFFE3DD000026F4A7FF00F007CF0F0FF35
:105DD0004CDF6F4A7FF070007CF08FFF4CDF914208
:105DE000A0010000F1D080FF00005B4A010012C357
:105DF0004B104B114B114B114B115F4A02001FF31B
:105E00000F5F0F5F0F5F4FDBF1F0F0FF0100C1DFAD
:105E100001005F4A010012C34F104F114F114F1183
:105E20004F114B4F5F4A02001FF30F5F0F5F0F5F71
:105E30000FDB4F5F4F5F4F5F4F5FF1F00F000100CF
:105E4000C1DF0100D2435D12A241A0013DF0FF037A
:105E5000824DA2017CD080FFC24C80009243A601FB
:105E600049434F48B01278404F4921533841394196
:105E70003A413B4130410B120A1209120812071233
:105E8000474F0C4D0D4E0E4C0F4D0EF30FDE0F9382
:105E900053243A40E8030B43B012EA84824C641165
:105EA000824D6611D2433812C2471E11B012804B88
:105EB000824E5C11824F5E114D474F473E405C4021
:105EC0001F930D242F9305343E4058400F93072411
:105ED000043C3E4060402F9302243E4054404F4DCE
:105EE0001F930A242F9303340F9304240B3C2F9306
:105EF0000524083C5F43043C6F42023C7F4007009E
:105F0000B0124E5D4F43B0125C5F4F9320205F4252
:105F10001E111F930A242F9303340F930424173C5C
:105F20002F930524143C5F43043C6F42023C7F40A6
:105F30000700B012F64B0B3C824C6411824D661187
:105F4000C2433812C2471E114F47B012FE5F0F43C3
:105F50003741384139413A413B4130410B120A1235
:105F60004B4FB01264404A4F5F421E110F5F1D4FEE
:105F700024110D930B208F43D4117F400E00B012DB
:105F8000AE454F4AB01278401F43363C5F421E1167
:105F90000E4F0E5E0F4E3F5024119F4D0200000029
:105FA0008F93000005200F4E3F5024118E4FD411C7
:105FB00082432C118243C012A24DA211824D2C119A
:105FC000824DC0124B93142492425C11861292426D
:105FD0005E118812924264113C12924266113E1286
:105FE000B012D04C925264115C11926266115E1133
:105FF0004F4AB01278400F433A413B4130410B12B7
:106000000A1221824B4F4F43B0125C5F4F935220D4
:106010004E4B3F405C401E930D242E9305343F4071
:1060200058400E930724043C3F4060402E930224C6
:106030003F405440B14F0000B14F0200F1F0F9FF72
:106040000200E1D20200F1F0E7FF02000A411D4226
:10605000C0121C42A2111E4264114F4B1F930C240C
:106060002F9303340F930424123C2F9309240F3CE5
:106070000E120E4A5F43083C0E120E4A6F42043C59
:106080000E120E4A7F400700B012BC6021534F4BE6
:106090001F930A242F9303340F9304240B3C2F9354
:1060A0000524083C5F43043C6F42023C7F400700EC
:1060B000B012F64B21523A413B4130410B120A12C9
:1060C0000912081207120612051221823B40140021
:1060D0000B514A4F094E064D084C274B7B420E93FD
:1060E00008240D9306240C93042417930224279369
:1060F00003203F400600073DB0126440454F5F4219
:106100005D127FF0200006244F45B01278403F40DA
:106110000500F93CB012984C4F9AF1201EC33890FC
:10612000110003283F400300013C1F430F5F3EF076
:10613000F9FF0EDF5F4901003FF003000F5F0F5FC3
:106140000F5F3EF0E7FF0EDF5F49010012C34F1003
:106150004F113FF007000F5F0F5F0F5F0F5F0F5F83
:106160003EF01FFF0EDF3EF0FFFE3ED000020F4369
:10617000079301241F433FF003008F100F5F0F5F51
:106180003EF0FFF30EDF0C4E3CF0FF0F6E497EF049
:106190000F007FF0F0FF4FDE6E497EF070007FF061
:1061A0008FFF4FDE7FF07F00C14F02009142A001C0
:1061B00000000F43079301201F434F114F434F101F
:1061C000F1F07F000000C1DF00005D49010012C353
:1061D0004D104D114D114D114D115F4902001FF32E
:1061E0000F5F0F5F0F5F4FDDF1F0F0FF0100C1DFC8
:1061F00001005F49010012C34F104F114F114F11A1
:106200004F114D4F5F4902001FF30F5F0F5F0F5F8C
:106210000FDD4F5F4F5F4F5F4F5FF1F00F000100E9
:10622000C1DF0100E2425D1282488A1282460212F8
:1062300082434212A241A001824CA2010E430F48A8
:106240003F530D4F0E9F0B2C4F4E7FF3DF4102004B
:1062500080001E530E9D032C3E900F00F52BF1D0B5
:1062600080FF02004F4E7FF3DF41020080001F439A
:106270000E9303240F5F1E83FD23824FA601079315
:106280003D24F2D040005D125F49020012C34F105E
:106290000B4F3BF003005F49020012C34F104F1138
:1062A0004F110A4F3AF003000F43B012B24C3E4078
:1062B0006001AED20000AEC300002D4E3DF0FFFCE9
:1062C0000F4B8F103FF000030DDF8E4D00002D4E61
:1062D0003DF03FFF0F4A0F5F0F5F0F5F0F5F0F5FD4
:1062E0000F5F0FDD8E4F0000824362010F473F5367
:1062F000824F720112C30F10824F74014B434F45FE
:10630000B01278404F4B2152354136413741384128
:1063100039413A413B4130410B120A124B4FB01206
:10632000B05C4A4F4F932620C243FE114F4B2F9330
:1063300014243F90030005340F930B241F930B2468
:10634000333C2F9210242F920B383F9005000E24DF
:106350002B3C4F430C3C6F430A3C7F400300073CFF
:106360007F400500043C7F400600013C7F42B012A4
:10637000F64B1A3C4F4B2F930B243F9003000334F2
:106380000F9304240C3C2F920624093C4F43053CF8
:106390007F400300023C7F400600B01230590D439D
:1063A0004E4A4F4BB012B0633A413B41304130410D
:1063B0000B120A124A4E0B4D4E4F2E931A243E904A
:1063C000030003340E9304242E3C2E921F242B3CF6
:1063D0000E4D4F4AB012BC640E4B4F4AB012BC6413
:1063E0000E4B4F4AB012BC640E4B4F4AB012BC6405
:1063F0001E3C0E4D4F4AB0125E640E4B4F4AB01217
:106400005E640E4B4F4AB0125E64113C0E4D4F4A13
:10641000B01234640E4B4F4AB01234640E4B4F4AE4
:10642000B0123464043C0D4B4E4AB012AE633A4194
:106430003B4130410B120B4E4F9303243B43B012B0
:10644000E4555F428D120E4F0E5ED2538D12CE4B2D
:10645000E9110F4B8F10CE4FE8113B4130410B1229
:106460000B4E4F9303243B43B012E4555F428D1211
:106470000E4F0E5ED2538D12CE4BE9110F4B8F1083
:10648000CE4FE8117F400600B012585B4B4F6F4271
:10649000B012F2814B9F02204F4B013C1F434B4FE8
:1064A0006F42B012F2814B9F02204F4B013C1F43C1
:1064B0004F930224B012E4553B4130410B120B4E76
:1064C0004F9303243B43B012E4555F428D120E4FAD
:1064D0000E5ED2538D12CE4BE9110F4B8F10CE4F63
:1064E000E8117F400300B012585B4B4F6F43B0126E
:1064F000F2814B9F02204F4B013C1F434B4F6F4398
:10650000B012F2814B9F02204F4B013C1F434F932F
:106510000224B012E4553B4130410B1221834B4F12
:10652000B01264404E4F1F42A2015FF37FF34F93BE
:1065300005244F4EB01278401F43193C9142A001F0
:106540000000E1C30000A241A001F1D02000000042
:106550005B930420F1F0BFFF0000033CF1D040004A
:106560000000A241A0014F4EB01278400F432153CA
:106570003B4130410B120A120A4E0B4FB012804BB6
:1065800053120B120A120D4E0E4F6F43B012825A65
:10659000315006003A413B4130410B120A120912B8
:1065A00008120712094E0A4F4B434D4B0D5D0D5D0E
:1065B0004F4B0F5F0D5F0D5F0D5F0E4D3E50301165
:1065C0005F4E08006FF346240749084A178D3011C3
:1065D000187D32110C470D481C8E04001D7E0600EC
:1065E00039285F4E08005FF30324EEC30800063C21
:1065F0009E5E040000009E6E060002004F4B2F932B
:106600000D243F90030003341F930524263C3F9044
:1066100003001D24223CB012366E1F3C5F426512FF
:106620002F930B243F90030018340F9316241F93CD
:106630001420F24003006512023CE2426512F2931C
:106640001D110B245F421D11B012265C063CB012D6
:10665000EA7C033C5B536B92A82B7F400A00B0128C
:10666000AE453741384139413A413B4130410B1247
:106670000A120912081207120A4E0B4F084C094D54
:10668000B0126440474F824A6812824B6A128248B5
:10669000581282495A12B012824A4F47B0127840BB
:1066A0003741384139413A413B4130410B12B01238
:1066B00064401B426E12B01278400F4B3B41304198
:1066C0000B120A120912494F0A4D0B4EB012804BA1
:1066D00043120B120A120D4E0E4F4F49B012825A3E
:1066E0003150060039413A413B4130410B12B01262
:1066F00064404B4F8293B0112724C243A011C29330
:106700008F120A240E435F4220007FF201241E43B1
:106710004F4E1FF34F930C200E435F4220005FF358
:106720007FF34F9301241E434F4E1FF34F930820D6
:10673000C2938F120224F2538F12B0125867073C93
:106740009243B011C2438F126F42B0124A484F4B6E
:10675000B01278403B413041A243B011D243A01166
:106760004F43E2920D1101205F431FF34F93052029
:106770006F42B012A4444F930320B0128867304197
:106780006F42B01280463041B01240495D431E4214
:1067900022117F403F00B0129C6730410B120A1259
:1067A000091208124A4F084E494DB01264404B4F2F
:1067B0004E434F43B012D4474F9305244F4BB01272
:1067C00078400F43173C4F4BB01278404F4A7FD070
:1067D0004000C24FDC11C243DD115F42DC11B01238
:1067E00000484B4F4F490C4F0D480E434F43B012DA
:1067F00032584F4B384139413A413B4130410B12FD
:106800000B4F1F42DC113FF0400011240B4E4E4D48
:106810005F42DC113FF0BF003F903E0012243F90EA
:106820003F000F204D4C0F4BB01274770A3C4E4D79
:106830005F42DC113F903E0004204D4C0F4BB012E4
:10684000E6763B413041B0126E68B0123249B01268
:1068500040497F42B0129E477F42B0129E47B0121D
:1068600032496F42B0124A48B012EC663041F240F1
:1068700080FF6211C243A011C243DA11C243FD116D
:10688000C2438F1230410B12B01264405B425C1263
:10689000B01278404F4B0F5F4E4B0F5E0F5E0F5E96
:1068A0003F502E013FD000400E4F7F401800B012E5
:1068B000E6573B4130410B12B01264404B4F0E4340
:1068C000C293AF110424C293621201241E430F4EDF
:1068D0007FF38F100F5F0F5F0E4F0E5E0F43C2935B
:1068E000B8110424C293C41101241F430F5F0F5F2A
:1068F0000F5F0F5F0EDF3ED0E2227F401100B0122B
:10690000E6574F4BB01278403B4130410B12218289
:10691000B01264404D4F1F42D211C14F00008F1082
:10692000C14F01000E412E531F426E12CE4F000088
:106930008F10CE4F01004F4DB01278406C420D4188
:106940004E433F406801B012D84921523B4130418B
:106950001F42A201B2F0F9FFA201B2F0FCFFA001B8
:10696000B2F0EFFFA0013FF0060082DFA20130414C
:10697000B0126440F2C23700B012784030410F12BA
:106980000E120D120C1221835F4223005FF22500CC
:106990007FF3814F00002F411FF30B24D2C323004C
:1069A0009293B0110320B0125867493CD2538F1212
:1069B000463C2F412FF30324E2C32300403C2F41E8
:1069C0002FF20324E2C223003A3C2F413FF203247A
:1069D000F2C22300343C2F413FF010001A24F2F0A1
:1069E000EFFF2300A2420A11F2F0EFFF2500F2F0C0
:1069F000EFFF23000E437F401D00B012E657B01298
:106A00000C69B0123249B01240494F43B012AE4542
:106A1000163C2F413FF020000424F2F0DFFF23005A
:106A20000E3C2F413FF040000424F2F0BFFF230052
:106A3000063C2F414F930334F2F07F002300215393
:106A40003C413D413E413F41B1C0F00000000013D8
:106A50000F1221835F422B005FF22D007FF3814FE5
:106A600000002F411FF30324D2C32B00303C2F41E1
:106A70002FF30324E2C32B002A3C2F412FF20324DF
:106A8000E2C22B00243C2F413FF20324F2C22B0030
:106A90001E3C2F413FF010000424F2F0EFFF2B00CA
:106AA000163C2F413FF020000424F2F0DFFF2B00C2
:106AB0000E3C2F413FF040000424F2F0BFFF2B00BA
:106AC000063C2F414F930334F2F07F002B002153FB
:106AD0003F41B1C0F000000000130F120E120D1262
:106AE0000C120B125B427600B0124E6B4F932624B1
:106AF000B0125C6B7FF30F9321208293AA110624BE
:106B00001F42AA111F52B211CF4BFFFF9292AC113C
:106B1000B211032CB0127058113CF2F0BFFF00000C
:106B20001B4290121E42AA111D42AC115F42391243
:106B30000F9304204C430F4BB012FE673B413C4186
:106B40003D413E413F41B1C0F00000000013C293FF
:106B5000101102200F4330411F433041F2900300D7
:106B6000101103243F40FF0030415F4211113041BA
:106B70000F120E120D120C124E435F4270007FF086
:106B8000200009245F4270006FF205245F4270000C
:106B90005FF301245E430F4E1FF34F930524B012A1
:106BA0004E6B4F930724043CB0124E6B4F9302245C
:106BB000B0125C6B3C413D413E413F41B1C0F000F1
:106BC000000000130F120E120D120C121F42A8012A
:106BD000B012EC7A3C413D413E413F41B1C0F00032
:106BE000000000130B125F425D127FF0400003248F
:106BF0000F43B012B24C4F43B012AA4C3FF00F00FB
:106C0000B012426C5F425D127FF010000F245B43B4
:106C10005B9267120B2C4F4BB012AA4C3FF00F0047
:106C2000B012426C5B535B926712F52BB012506945
:106C30008243A8018243A401F2F0DFFF5D123B41D1
:106C400030417FF33F92262C0F5F104F4E6C5E6CED
:106C5000646C6A6C706C766C7E6C866C8E6CD2C365
:106C600037003041E2C337003041E2C237003041E3
:106C7000B01270693041F2F0EFFF37003041F2F0AE
:106C8000DFFF37003041F2F0BFFF37003041F2F054
:106C90007F00370030411F4330414D4F7FF33F901D
:106CA0000900242C0F5F104FAA6CBC6CC06CC46C24
:106CB000C86CCC6CD06CD66CDA6CE26C4F43133C75
:106CC0004F430C3C5F430F3C6F430D3C5F43063C1E
:106CD0007F400300083C6F42063C6F43B012146DC6
:106CE000083C7F400500B012F66C033C4F4DB012DB
:106CF000966C7FF330414D4F5F42FE110F93082099
:106D0000C24DA811824ECC117F400B00B012AE458F
:106D10000F433041F29003001E1147248293A211C9
:106D20000720B012804B824E5C11824F5E11253CD1
:106D30001F42C0128F4E0000A253C0121F42A21168
:106D40000F5F1F522C11829FC0121B208293C21111
:106D50000A245F421E110F5F8F43D4117F400F0042
:106D6000B012AE45223C9242A2112E1192422C1139
:106D7000C2117F401000B012AE455F43B0125C5F9D
:106D8000143C92425C11861292425E118812924229
:106D900064113C12924266113E12B012D04C9252D3
:106DA00064115C11926266115E111F4330410F4302
:106DB00030414C4F7FF33F900900162C0F5F104F6E
:106DC000C26DE46DD46DE46DE46DD86DE46DE46D79
:106DD000DC6DE46D4F43033C5F43013C6F43B012F5
:106DE000F06D30410F4330414F4CB012AE6D304129
:106DF0000B124B4F8293C2110A245F421E110F5F88
:106E00008F43D4117F400F00B012AE45113C924227
:106E10002C11C2111F42C0121F822C110F11824F60
:106E20002E117F401000B012AE454F4BB012FE5FE6
:106E30000F433B4130410B12F2900A008D12392072
:106E4000C293001222203D4074113E40E0113F40A9
:106E50001C00FD4E00001D531F83FB23F2436E11E7
:106E6000F2436F11F24093FF73117D401C003E40CE
:106E700068114F43B012827E4F930220D24300121A
:106E8000C29300120220B012E455C2438D12C29385
:106E9000DE110D203D40E6116F4D8F105E42E7116F
:106EA0000FDE1F53C24FE7118F10CD4F0000C243BA
:106EB000DE114F43B012585B4B4F4F43B012F2817B
:106EC0004B9F02204F4B013C1F434B4F4F43B0128F
:106ED000F2814B9F02204F4B013C1F434B4F4F43CE
:106EE000B012F2814B9F02204F4B013C1F434F9346
:106EF0000224B012E4553B413041C2432600C24354
:106F00002E00C2431B00C2431F00C2433300C243D2
:106F10003700C2432100F240E0FF2200F24030007F
:106F20002900F2407B002A00C2431900F240F1FF21
:106F30001A00F240DDFF1D00F240FDFF1E00F2438B
:106F40003100F2433200C2433500F2433600C243FF
:106F50002500C2432D003D4000281E4270011F4203
:106F600070010F8E0D9FFB2FB012607F0F433041D9
:106F70000B120A120912081207120A4F084E494D45
:106F8000CF932B001E240743B012AE560B4FB01206
:106F900050570B9F05240F4AB012AE563F93012065
:106FA000174347930D245F4A0B003F909300062040
:106FB0004D490E480F4AB0128883033C0F4A013CEA
:106FC0000F4A3741384139413A413B4130415E43F4
:106FD0005F43B01232454F930320B012C6710F3C8D
:106FE0006E435F43B012D4474F9303243F400900E0
:106FF00030415E435F43B012D4474F9302240F43A6
:1070000030413F40050030410B120A1209120812AC
:107010000712094F474E0A4F3A502800B0126440F9
:10702000484F6E435F43B012D4474F9305204F48FB
:10703000B01278401F434C3CB0126440E242C7118A
:10704000B0127840824984124F48B012784077508D
:107050000D00C94700000D491D535F4D01008F1001
:107060005E4901000FDE3FF02000C94F01008F1084
:10707000CD4F01005F4D01008F105E4901000FDE12
:107080003FD04188C94F01008F10CD4F0100CA4346
:107090000400CA430000CA430100CA4305000F4A66
:1070A0003F500600CF430300CF430200CF4301000F
:1070B0003C4000800D430E4C8E107EF3CA4E0600FD
:1070C000D24363125E431F428412B012FE800F430C
:1070D0003741384139413A413B4130410B12B012FE
:1070E00064405B42AF11B01278404F4B3B4130419E
:1070F0000B12B01264404B4FC293AE110424B01275
:1071000078401F43103CD243AE11A2920A110420D2
:107110005F43B0128046033C6F42B012AE454F4B06
:10712000B01278400F433B4130410B12B012644023
:107130004B4FA2930A110424B01278401F432C3CF9
:10714000B24003000A113E4018007F401D00B012FB
:10715000E657F2F0EFFF2500F2F0EFFF2300F2F028
:10716000EFFF2400F2D0100025005F43B0129E47CD
:107170003E407F027F401C00B012E657B012866886
:10718000B012B6683E40562A7F401700B012E6574C
:107190004F4BB01278400F433B4130410B12B012BD
:1071A00064404B4FA2920A110424B01278401F434E
:1071B000083C7F400300B0129E474F4BB01278400E
:1071C0000F433B413041B012644082930A110424C2
:1071D000B01278401F43304192430A11B0127840F8
:1071E000B0126440F2D020001D00B0127840B012FE
:1071F00084433C4014000D43B0125E420F433041C3
:107200000B120A12B01264404A4FB01232494F4377
:10721000B0124A484B4F4F4AB01278404F4B3A4158
:107220003B4130410B120A120912494F0A4EB0126B
:1072300064404B4F4E434F43B012D4474F93052405
:107240004F4BB01278400F43173C4F4BB012784071
:107250004F497FD04000B01200484B4F4F43B0120F
:1072600000487FF38F108A4F00004F43B012004850
:107270007FF38ADF00004F4B39413A413B413041B7
:107280004E4F0D437FF3FF939E120320C29E0F11BA
:1072900001201D433F4005004D930D20F2930E1138
:1072A0000320C24E0E11043C5F420F11CF4E9E12BE
:1072B000C24E0F110F4330410B124B4FF29003009F
:1072C00010113820C29F111135200F43F2930E1177
:1072D00001201F437FF34F931E20F2930E111024C1
:1072E0005E420E115F420E11D24F9E120E11F293AA
:1072F0000E110220F2430F114F4EFF439E12023C2B
:107300003F40FF00C24FCF11D24310117F40070012
:10731000B012AE45043CD2431111C24310114F4B81
:107320000F930620D2437000B0121A49D2C37000E6
:107330000F43013C1F433B4130410B120A1209121B
:107340000812071206120512074FB01284430947AC
:107350000A430C4E0D430C890D7A082C0B4E0C4F32
:107360000B533C630BF30BD90CDA073C0B4E0C4F61
:107370000BF30E470F430BDE0CDF084B094C1F428B
:1073800016113F90050004243F900600AD24D43C24
:10739000B24006001611D243FC116F43B01274497B
:1073A0001A42C0110B4A3B502E00CB4803000E4836
:1073B0000F498E108F104EEF0EEF7FF3CB4E020071
:1073C0000C490D43CB4C01000E4C8E107EF3CA4E7F
:1073D0002E001F42C011CF932D004524B012CE497C
:1073E0007FF30B4F1B52C0116E4B0F430F4E0E43DA
:1073F0007FF38F10564B010005430ED50FD65C4B23
:1074000002000D434DEC0DEC8D107CF38C100EDC66
:107410000FDD5C4B03000D430EDC0FDD0E880F7992
:10742000CB4E03000C4E0D4F8C108D104CED0CED1F
:107430007DF3CB4C02000C4F0D43CB4C01000E4CA6
:107440008E107EF3CB4E0000B01240491F42C01197
:10745000B012CE497FF36C420D4B4E4F0F43B0122A
:10746000D849B01232491E42C0115F4E02008F103F
:107470005E4E01000FDE3FF020000224D2432011B7
:107480007F400300B0124A48B2F0EFFF82011A4277
:10749000C0115F4A02008F105E4A01000FDE3FF00C
:1074A00007001F9317200B4A3B502E00CB480300C8
:1074B0000E480F498E108F104EEF0EEF7FF3CB4E1C
:1074C00002000C490D43CB4C01000E4C8E107EF394
:1074D000CA4E2E000E435F421C006FF301241E4370
:1074E0004F4E1FF34F937420C243FC115F43B01201
:1074F00074491E42C0115F4E02008F105E4E0100A3
:107500000FDE3FF020000B24B24007001611B0122E
:1075100084433C4000010D43B0125E42033C4F43A4
:10752000B0124E490E435F421C006FF301241E430C
:107530004F4E1FF34F934C24C29318113020D24367
:10754000FC116F43B01274490B480C49F292FD11C3
:10755000182C5E42DA115F42FD110E5F0F4E3EB0F5
:10756000008002343F5007003FF0F8034E8F4F4E2B
:107570007FF30F5F0F5F8F4BA0128F4CA212D2537D
:10758000FD11D2431811824740120E435F421C0086
:107590006FF301241E434F4E1FF34F931920C24334
:1075A000FC115F43B0127449C24318110F471F8288
:1075B00040123F900A000C2CC293FD110224F2539A
:1075C000FD118293C01104241F42C011B012564A0B
:1075D000354136413741384139413A413B413041EB
:1075E0001F4216113F90050032243F900600062CE2
:1075F0003F90030009242F921F2430413F90070041
:1076000022243F92192430410E435F4220007FF034
:10761000100001241E434F4E1FF34F930A24A24231
:107620001611B01284433C4007000D43B0125E4275
:107630003041B012E2433041B01286444F931620DD
:10764000B012EC4630414F43B0124E4930417F40BA
:107650000900B0129E475F43B01274497F40030097
:10766000B0124A487F400700B0124E4930410B1219
:10767000B01264405B421611B01278407BF32B923B
:107680000C243B90050003342B930424263C3B92AE
:107690000724233CB0126457243CB012EC46213C32
:1076A000B01240497F400900B0129E47B0123249E3
:1076B0007F400300B0124A48B01264409243161152
:1076C000B0127840B0126440F24003000811B012CA
:1076D00078406F43B012AE45043C7F400300B012C7
:1076E0004A483B4130410B120A12B0123249B29261
:1076F00016111920B01240497F400900B0129E4770
:10770000B01232497F400300B0124A48924316112A
:10771000B0126440F24003000811B01278406F4389
:10772000B012AE45243CC293CA110520A2421611E4
:10773000B012EC461C3C7F400300B0124A48B240F5
:1077400003001611B01226440C4E3A403601B01216
:10775000CE840F4E3F500B00824FBE111A42BE1115
:107760000B43B01284430C4A0D4BB0125E423A41B7
:107770003B4130410B120A12091208120712074F3F
:10778000194222110849E2495A111F42B0113F9093
:10779000030053242F92032C2F9304242D3D2F926A
:1077A000A8242A3DB2400300B0115F425A110E4F87
:1077B0001E535F4262110F9E3D380E435F42200010
:1077C0007FF201241E434F4E1FF34F9313200E43AD
:1077D0005F4220005FF37FF34F9301241E434F4E1F
:1077E0001FF34F9307205F4262115F825A117F534C
:1077F000C24F6211F2902A005A111C2CC2935A11E6
:107800001124F2925A1105280F481F533C400700DB
:107810006A3CA242B0110E481E535F425A110C4FEF
:107820000D4E623CC243A011B01232496F42B012F9
:107830004A48DF3CB0124668E63CA242B011C2930F
:10784000B8114924C293C41146205F4902008F1029
:107850005E4901000FDE12C30F100F110F110F113F
:107860000F111FF338240A493A5006005F4A0100FD
:107870008F105E4906000B4F0BDEB012AC660B9FFB
:1078800008245F4A01008F105E4906000FDE3F9317
:1078900022205F4902008F10594901000FD93FF0A3
:1078A00007001F931820B0123249B01240497F40A0
:1078B0000A00B0129E47B0123249B01240490E4839
:1078C0003E525F425A117F50F9FF4D4F7F403F00BB
:1078D000B0129C67983C0F483F525E425A117E504E
:1078E000F9FF7EF30C4E0D4F0E434F43B01232584A
:1078F0008A3CB0123249C2938F1203206F42B012F9
:107900004A48C293FD113724F2900B005A113728D0
:107910001A4222115F42DA110F5F0F5F1C4FA01253
:107920001D4FA2120B4A3B502E00CB4C03000E4CB5
:107930000F4D8E108F104EEF0EEF7FF3CB4E0200E7
:107940000C4D0D43CB4C01000E4C8E107EF3CA4EF5
:107950002E005D42DA110E4D1E530F4E3EB00080D8
:1079600002343F5007003FF0F8014E8FC24EDA114B
:10797000F253FD11043C1F422211B012564A5F42DD
:107980005A110F58CF9300003434079332245F49C3
:1079900002008F105B4901004BDF7BF007001E42A5
:1079A00022116B9320208293C0111D241D42C0110F
:1079B000B290070016111720DE9D0300030013206C
:1079C000B2F0EFFF82016F4EDD432C007FF30F5EBC
:1079D000DD4FFFFF28006F4F7FF07F00CD4F290064
:1079E0004F43B0124E495B9304207F42B012AE4524
:1079F0000A3CB012EC66073CC243A011B0123249F7
:107A00006F42B0124A483741384139413A413B410F
:107A100030410B12B01264404B4F8243B011B01290
:107A20006E68B0123249B01250814F4BB01278409C
:107A30000F433B4130410B120A1209120812071280
:107A4000061205120412B012804B094E0A4F37433A
:107A50003840FF7F4643B2F0EFFF86014B434E4B69
:107A60000E5E0E5E4F4B0F5F0E5F0E5F0E5F0D4E94
:107A70003D5030115F4D08006FF314240449054A4E
:107A8000148E3011157E32111C4D04001D4D060060
:107A90000C840D750E4C0F4D0E870F780334074C78
:107AA000084D56435B536B92DA2B469316240E47D0
:107AB0000F481E830F7305340E490F4AB0129A65A2
:107AC0000C3C8247541282485612D24358110C473C
:107AD0000D480E490F4AB0126E66344135413641A9
:107AE0003741384139413A413B4130410B120A128A
:107AF0000912218349433F900500092CF2B0800010
:107B0000A0014F434F637FF30F93012059435F421E
:107B10005D123FF01F002F9240243F900500053476
:107B20001F9309242F931024B03C3F928A243F9046
:107B300010001324AA3CB012E46B1E4240015F42C5
:107B40003A12B0129A6CA13C1E4240015F423A12B6
:107B5000B0129A6C4F939924963C0D431B4202122B
:107B60004F4D0E4B2B537FF30F5F9E4F4001000094
:107B70001D535F4267120D9FF32B825F42124993A0
:107B80000420929242128A120520B012E46B8243C2
:107B900042127B3CA2D3A001783C0D431F4242120B
:107BA0000F5F0B4F1B5202121F428A121F8242129A
:107BB0003F90110003283A401000043C1A428A12F8
:107BC0001A8242124F4D0E4B2B537FF30F5F9E4F85
:107BD000400100001D530D9AF52B825A4212499321
:107BE0000420929242128A121520B012E46B1F42B6
:107BF00042120F5F0B8F1D4242120D8A82434212C6
:107C0000499302201D428A120E4B5F423A12B01273
:107C1000B26D3B3C1F428A121F8242123F901000FD
:107C2000342C4F43B012AA4CC14F0000F1D080FF5A
:107C300000005F428A125F8242127FF3EF418000B0
:107C4000243C4D431B4202120E4B2B534F4D0F5FF2
:107C50009E4F400100005D534F4D1F928A12F42B3E
:107C6000499303201D428A12013C0D431F428A1290
:107C70000F5F0B8F0E4B5F423A12B012B26D824F04
:107C800002120F930220B012E46B215339413A41A2
:107C90003B4130410B125B421A111B533B900900D0
:107CA00001200B434F4BB0121C5A4F9316244E4BDE
:107CB0004F4B12C34F104F114F114D4F0C4E3CF014
:107CC00007001F430C9303240F5F1C83FD23CDCFBC
:107CD0009E11C24B1A114F4B063C5F421A110B9F6B
:107CE000DC233F40FF003B4130415F4265123F9043
:107CF000030005242F922B382F9214243041B01208
:107D0000405A4F931324B012804B53120312301277
:107D100014000D4E0E4F7F400300B012825A3150B6
:107D200006003041B012405A4F930320C2436512FF
:107D30003041B012804B53120312301214000D4E1A
:107D40000E4F7F400300B012825A3150060030417E
:107D50005F4265123F90030005341F932A340F934E
:107D60000924273C3F90030012242F922220E2C3D3
:107D70005611163C6F43B0121A654F931A203E40BD
:107D800011000F43B0127465E2436512103C6F435B
:107D9000B0121A654F930D20E2C35611E2426512EC
:107DA000F2931D1104245F421D11B012265C0F4393
:107DB00030411F4330415F4265123F90030005345C
:107DC0001F932C340F930A24293C3F900300032473
:107DD0002F921124233CE2C35611173C5F43B0128B
:107DE0001A654F931B203E4011000F43B01274657B
:107DF000D2436512113C5F43B0121A654F930E20B7
:107E0000E2C35611F24003006512F2931D110424DF
:107E10005F421D11B012265C0F4330411F433041B9
:107E20005F4265123F90030003341F9305341D3CED
:107E30003F9005001A34093CB012405A4F93152068
:107E4000E2C34C11C24365120E3CB012804B531278
:107E50000312301214000D4E0E4F7F400300B0127B
:107E6000825A315006000F4330411F433041C293C4
:107E70001F110620829E601103204F43B012F4555B
:107E800030410B120A120912081207124A4F094E0A
:107E9000484D4F9302241F432D3C7FF30F5F8F9378
:107EA000601103243F400500253C4F4A0F5F074FF8
:107EB00037506011874E00004F4D7F500D00CE4F60
:107EC0000000C2931F1115245B4E0B000F4EB01221
:107ED000AE56C24A1F114C480D490E4F4F4BB012BF
:107EE000BE564F930424D2431F11874300007FF3F3
:107EF000013C0F433741384139413A413B41304120
:107F00000B120A1209120812071247434F47CF9368
:107F100066121E2459434A430B4F084F085808580D
:107F200008584F495FFB66120F244F4A4F584E4F77
:107F30000F4E0F5F8F436011CBC966120E93042062
:107F4000B012E455C243001249595A537A92E92BB0
:107F50005753DC273741384139413A413B413041A1
:107F6000E2D31A00F2D21A00F2D080FF1E00F2D043
:107F700010001E00F2D080FF1D00F2D010001D0086
:107F800003430343F2F0EFFF1D00F2C219005F4309
:107F9000B012AA504F43B012AA505F43B012AA5079
:107FA0005F43B012AA505F43B012AA504F43B012C1
:107FB000AA504F43B012AA505F43B012AA50F2D059
:107FC00010001D00F2D21900E2D3190030410B124B
:107FD0000A12091209433A4000080F490FDA0B430D
:107FE000B0128E505E431F4290013F52824F920169
:107FF00092C382011F4282011FF3FC270D4B1B42DB
:1080000070014F4E7E535F93EE370F4B0F8D3F90B5
:108010000104012C09DA0A110A93DF230F493FF00A
:10802000E0003F90E000022039F0E0FF0F49B0127D
:108030008E5039413A413B4130416E421F4262010C
:108040003FF010000A201F4264013FF0100005209D
:108050001F4266013FF0100007241F4260013FF0FD
:1080600000033F9000022B245F4204007FF0C0FF1A
:1080700005245F4271007FF0200021205F4205004F
:108080007FF0300005245F4279007FF02000172048
:108090005F4270005FF314245F4271007FF02000A4
:1080A0000F245F4272007FF020000A245F427000BC
:1080B0006FF206245F4270007FF0200001246E43BF
:1080C0001F42A0013FF0100018241F42A2013FF000
:1080D000100006241F42A2013FF20E204E430D3C29
:1080E0001F42A2013FF0000408241F4260013FF03C
:1080F00000033F90000201206E434F4E30410B12AF
:108100000A120A4F4B4EB0126440B292161105206B
:10811000B01278403F400300183C9293161104249B
:10812000B01278401F43113CA2431611C24BCA1132
:10813000824AC011C243DB11B0127840B0128644AB
:108140004F930220B01264570F433A413B413041F4
:10815000D2C32500D2C323000F4330410B120A12B1
:108160000B4F4A4EF2438E12B01264400D430E4D37
:108170000E5E0E5E8E9B44120920CE9A461204209B
:10818000B01278401F43083CC24D8E121D532D92F1
:10819000EE3BB01278400F433A413B4130410B1265
:1081A0000A12091208120A4F494E5B428E124843C6
:1081B000B01264404E4F7B930324C29B19110320DD
:1081C0005B42191158434F4B0F5F0F5F8F4A4412A8
:1081D000CF49461248930524D2531911F2F00300F7
:1081E00019114F4EB0127840384139413A413B4164
:1081F00030417FF32F930B243F90030003340F9300
:1082000004240D3C2F9206240A3C4F43053C7F403A
:108210000300023C7F400600B012585B013C5F4304
:108220007FF330417FF33F923A2C0F5F104F308243
:1082300040824A8254825E826882768284829282FE
:10824000D2D33700D2C336003041E2D33700E2C385
:1082500036003041E2D23700E2C236003041F2D27D
:108260003700F2C236003041F2D010003700F2F091
:10827000EFFF36003041F2D020003700F2F0DFFF90
:1082800036003041F2D040003700F2F0BFFF360038
:108290003041F2D080FF3700F2F07F0036003041ED
:1082A0007FF33F900900252C0F5F104FAE82C082F4
:1082B000C482C882CC82D282D682DC82E282EC8204
:1082C0004F43113C5F430F3C6F430D3C7F40030025
:1082D0000A3C6F42083C7F400500053C7F40060099
:1082E000023C7F400700B012EC5A30417F42B0128E
:1082F000EC5A30417FF33F900900152C0F5F104F6F
:1083000002831483148314831A831A831A832083A9
:10831000208320833F40584030413F405C40304103
:108320003F40604030413F40504030417FF31F9319
:108330000A242F9303340F9304240C3C2F93052419
:10834000093C5F43043C6F42023C7F400700B0128F
:10835000F64B013C5F437FF330417FF31F930A24C8
:108360002F9303340F9304240C3C2F930524093CD2
:108370005F43043C6F42023C7F400700B01230591B
:10838000013C5F437FF330410B120A120912094F7F
:108390000B4EB0122E846F4B8F105C4B01000D4FB3
:1083A0000DDC5F42E0118F105E42E1110FDE0F9D88
:1083B000212C0F4DC24DE1118F10C24FE0113D40F5
:1083C000E2115F4B02008F105E4B03000FDEC24FC5
:1083D000E3118F10CD4F00006F4D8F105E42E311FF
:1083E0000FDE0E4F0F430D4E0E4F5F43B012C066AF
:1083F000C2438D125F4B06008F105C4B07000D4F80
:108400000DDC3A40E6116F4A8F105E42E7110FDE35
:108410000F9D082C0F4DC24DE7118F10CA4F000061
:10842000D243DE110F4939413A413B413041B0124C
:108430006440F2E040003100B012784030410B124D
:108440000A120912094F0A4E0E4F3D900600082CE1
:108450000D932824CE4A00001E533D53FB23223C9B
:108460004B4A0B9303240F4B8F100BDF0C491CF36B
:1084700009242F430F8C0C4F0D8FCE4A00001E5342
:108480003C53FB230C4D12C30C108E4B00002E539B
:108490003C53FB230C4D1CF30524CE4A00001E5315
:1084A0003C53FB230F4939413A413B41304102DF04
:1084B000FE3F4EEE7B400900053C0D104E6E4E9A7D
:1084C00001284E8A4C6C0D6D5B83F72330410EEE14
:1084D0003B401100053C0D100E6E0E9A01280E8ACD
:1084E0000C6C0D6D1B83F72330410FEF0EEE3940FE
:1084F00021000A3C08100E6E0F6F0F9B052802200A
:108500000E9A02280E8A0F7B0C6C0D6D0868198379
:10851000F123304104120512061207120812091243
:108520000A120B12144112001541140016411600D4
:1085300017411800824C30018244380118423A0138
:1085400092423C013A0192423E013C01824C34018C
:1085500082453801824D34018244380119423A0182
:1085600092423C013A0192423E013C01824538016F
:10857000824C340182463801824E340182443801F3
:108580001A423A0192423C013A0182453801824C3A
:10859000340182473801824D340182463801824FCE
:1085A0003401824438011B423A010C480D490E4AFD
:1085B0000F4B3B413A413941384137413641354112
:0485C00034413041D1
:1085C4000100020012A201000000000000FFFFFFF2
:1085D400000101002200000000000000FFFF030171
:10FFE0003A40506A3A403A407E69CC408040C46B07
:10FFF000706BDA6A3A403A40CE4D12413A400040C6
:0400000300004000B9
:00000001FF
