#
# A fatal error has been detected by the Java Runtime Environment:
#
#  EXCEPTION_ACCESS_VIOLATION (0xc0000005) at pc=0x0412f80e, pid=4796, tid=5576
#
# JRE version: 6.0_18-b07
# Java VM: Java HotSpot(TM) Client VM (16.0-b13 mixed mode, sharing windows-x86 )
# Problematic frame:
# C  0x0412f80e
#
# If you would like to submit a bug report, please visit:
#   http://java.sun.com/webapps/bugreport/crash.jsp
# The crash happened outside the Java Virtual Machine in native code.
# See problematic frame for where to report the bug.
#

---------------  T H R E A D  ---------------

Current thread (0x03d00400):  JavaThread "Thread-14" [_thread_in_native, id=5576, stack(0x03ff0000,0x04040000)]

siginfo: ExceptionCode=0xc0000005, reading address 0x474e5557

Registers:
EAX=0x00000001, EBX=0x0403f1d4, ECX=0x0412f80c, EDX=0x474e5543
ESP=0x0403f1ac, EBP=0x0403f1e8, ESI=0x00000005, EDI=0x0026ee70
EIP=0x0412f80e, EFLAGS=0x00010202

Top of Stack: (sp=0x0403f1ac)
0x0403f1ac:   10013e0c 00000001 00000001 432b2b00
0x0403f1bc:   474e5543 0026ee70 0403f1d4 0403f1dc
0x0403f1cc:   10010be0 0403f190 0412f7dc 0412f7dc
0x0403f1dc:   0026ee70 00000005 0000000b 0403f1f8
0x0403f1ec:   1000e905 0026ee70 00000008 0403f7b8
0x0403f1fc:   1001c1ad 0026ee90 1004e89c 1001c6e0
0x0403f20c:   0403f6d0 0403f2d0 00000400 00000000
0x0403f21c:   0403f298 0403f24c 0403f234 6d85a8d0 

Instructions: (pc=0x0412f80e)
0x0412f7fe:   00 00 ff ff ff ff 00 00 00 00 a0 ef 3a 77 20 f8
0x0412f80e:   12 04 b2 ef 3a 77 6c 03 00 00 ff ff ff ff 00 00 


Stack: [0x03ff0000,0x04040000],  sp=0x0403f1ac,  free space=13c0403ecc8k
Native frames: (J=compiled Java code, j=interpreted, Vv=VM code, C=native code)
C  0x0412f80e
C  [toscomm.dll+0xe905]
C  [toscomm.dll+0x1c1ad]
C  [toscomm.dll+0x39b8]
j  net.tinyos.comm.TOSCommJNI.NativeSerial_write__SWIG_0(JI)I+0
j  net.tinyos.comm.NativeSerial.write(I)I+5
j  net.tinyos.comm.TOSSerial$EventDispatcher.close()V+22
j  net.tinyos.comm.TOSSerial.close()V+11
j  net.tinyos.packet.SerialByteSource.closeStreams()V+4
j  net.tinyos.packet.StreamByteSource.close()V+27
j  net.tinyos.packet.Packetizer.closeSource()V+4
j  net.tinyos.packet.AbstractSource.close()V+13
j  net.tinyos.packet.PhoenixSource.shutdown()V+9
j  net.tinyos.sf.SFListen.cleanup()V+27
j  net.tinyos.sf.SFListen.run()V+303
v  ~StubRoutines::call_stub
V  [jvm.dll+0xf072c]
V  [jvm.dll+0x17fd51]
V  [jvm.dll+0xf08f7]
V  [jvm.dll+0xf096d]
V  [jvm.dll+0x11a4c0]
V  [jvm.dll+0x1dd924]
V  [jvm.dll+0x17f9cc]
C  [msvcr71.dll+0x9565]
C  [kernel32.dll+0x51194]
C  [ntdll.dll+0x5b3f5]
C  [ntdll.dll+0x5b3c8]

Java frames: (J=compiled Java code, j=interpreted, Vv=VM code)
j  net.tinyos.comm.TOSCommJNI.NativeSerial_write__SWIG_0(JI)I+0
j  net.tinyos.comm.NativeSerial.write(I)I+5
j  net.tinyos.comm.TOSSerial$EventDispatcher.close()V+22
j  net.tinyos.comm.TOSSerial.close()V+11
j  net.tinyos.packet.SerialByteSource.closeStreams()V+4
j  net.tinyos.packet.StreamByteSource.close()V+27
j  net.tinyos.packet.Packetizer.closeSource()V+4
j  net.tinyos.packet.AbstractSource.close()V+13
j  net.tinyos.packet.PhoenixSource.shutdown()V+9
j  net.tinyos.sf.SFListen.cleanup()V+27
j  net.tinyos.sf.SFListen.run()V+303
v  ~StubRoutines::call_stub

---------------  P R O C E S S  ---------------

Java Threads: ( => current thread )
  0x03d01400 JavaThread "Thread-15" [_thread_blocked, id=3328, stack(0x042f0000,0x04340000)]
  0x03d01000 JavaThread "Thread-17" [_thread_blocked, id=5896, stack(0x042a0000,0x042f0000)]
  0x03d00800 JavaThread "Thread-16" [_thread_blocked, id=5588, stack(0x040e0000,0x04130000)]
=>0x03d00400 JavaThread "Thread-14" [_thread_in_native, id=5576, stack(0x03ff0000,0x04040000)]
  0x03d52400 JavaThread "Thread-11" [_thread_blocked, id=1420, stack(0x04180000,0x041d0000)]
  0x03d52000 JavaThread "Thread-13" [_thread_blocked, id=5396, stack(0x04130000,0x04180000)]
  0x05410c00 JavaThread "Thread-4" [_thread_blocked, id=4188, stack(0x05880000,0x058d0000)]
  0x05410800 JavaThread "Thread-6" [_thread_blocked, id=120, stack(0x05830000,0x05880000)]
  0x05406000 JavaThread "TimerQueue" daemon [_thread_blocked, id=6052, stack(0x047e0000,0x04830000)]
  0x00769800 JavaThread "DestroyJavaVM" [_thread_blocked, id=6128, stack(0x003b0000,0x00400000)]
  0x03e23000 JavaThread "AWT-EventQueue-0" [_thread_blocked, id=4828, stack(0x04740000,0x04790000)]
  0x03d40c00 JavaThread "AWT-Windows" daemon [_thread_in_native, id=4808, stack(0x03f00000,0x03f50000)]
  0x03d40400 JavaThread "AWT-Shutdown" [_thread_blocked, id=4916, stack(0x03ba0000,0x03bf0000)]
  0x00862000 JavaThread "Java2D Disposer" daemon [_thread_blocked, id=5856, stack(0x03b50000,0x03ba0000)]
  0x00814400 JavaThread "Low Memory Detector" daemon [_thread_blocked, id=2904, stack(0x039d0000,0x03a20000)]
  0x007fb400 JavaThread "CompilerThread0" daemon [_thread_blocked, id=740, stack(0x03980000,0x039d0000)]
  0x007fa400 JavaThread "Attach Listener" daemon [_thread_blocked, id=5976, stack(0x03930000,0x03980000)]
  0x007f5800 JavaThread "Signal Dispatcher" daemon [_thread_blocked, id=5328, stack(0x038e0000,0x03930000)]
  0x007af000 JavaThread "Finalizer" daemon [_thread_blocked, id=5144, stack(0x03890000,0x038e0000)]
  0x007ad800 JavaThread "Reference Handler" daemon [_thread_blocked, id=4864, stack(0x03840000,0x03890000)]

Other Threads:
  0x007ac400 VMThread [stack: 0x037f0000,0x03840000] [id=4656]
  0x007fdc00 WatcherThread [stack: 0x03a20000,0x03a70000] [id=2840]

VM state:not at safepoint (normal execution)

VM Mutex/Monitor currently owned by a thread: None

Heap
 def new generation   total 4992K, used 3734K [0x23b70000, 0x240d0000, 0x290c0000)
  eden space 4480K,  83% used [0x23b70000, 0x23f158d0, 0x23fd0000)
  from space 512K,   0% used [0x23fd0000, 0x23fd01c0, 0x24050000)
  to   space 512K,   0% used [0x24050000, 0x24050000, 0x240d0000)
 tenured generation   total 10944K, used 1123K [0x290c0000, 0x29b70000, 0x33b70000)
   the space 10944K,  10% used [0x290c0000, 0x291d8e28, 0x291d9000, 0x29b70000)
 compacting perm gen  total 12288K, used 703K [0x33b70000, 0x34770000, 0x37b70000)
   the space 12288K,   5% used [0x33b70000, 0x33c1ffa8, 0x33c20000, 0x34770000)
    ro space 10240K,  51% used [0x37b70000, 0x38097b58, 0x38097c00, 0x38570000)
    rw space 12288K,  54% used [0x38570000, 0x38c04ce0, 0x38c04e00, 0x39170000)

Dynamic libraries:
0x00400000 - 0x00424000 	c:\Windows\system32\java.exe
0x77ba0000 - 0x77cdc000 	C:\Windows\SYSTEM32\ntdll.dll
0x77360000 - 0x77434000 	C:\Windows\system32\kernel32.dll
0x75fa0000 - 0x75fea000 	C:\Windows\system32\KERNELBASE.dll
0x771c0000 - 0x77260000 	C:\Windows\system32\ADVAPI32.dll
0x77580000 - 0x7762c000 	C:\Windows\system32\msvcrt.dll
0x77d60000 - 0x77d79000 	C:\Windows\SYSTEM32\sechost.dll
0x76cf0000 - 0x76d91000 	C:\Windows\system32\RPCRT4.dll
0x7c340000 - 0x7c396000 	C:\Program Files\Java\jre6\bin\msvcr71.dll
0x6d800000 - 0x6da97000 	C:\Program Files\Java\jre6\bin\client\jvm.dll
0x76fe0000 - 0x770a9000 	C:\Windows\system32\USER32.dll
0x77d80000 - 0x77dce000 	C:\Windows\system32\GDI32.dll
0x76090000 - 0x7609a000 	C:\Windows\system32\LPK.dll
0x76da0000 - 0x76e3d000 	C:\Windows\system32\USP10.dll
0x74110000 - 0x74142000 	c:\Windows\system32\WINMM.dll
0x774d0000 - 0x774ef000 	C:\Windows\system32\IMM32.DLL
0x77630000 - 0x776fc000 	C:\Windows\system32\MSCTF.dll
0x75c20000 - 0x75c6b000 	C:\Windows\system32\apphelp.dll
0x6d7b0000 - 0x6d7bc000 	C:\Program Files\Java\jre6\bin\verify.dll
0x6d330000 - 0x6d34f000 	C:\Program Files\Java\jre6\bin\java.dll
0x6d290000 - 0x6d298000 	C:\Program Files\Java\jre6\bin\hpi.dll
0x77570000 - 0x77575000 	C:\Windows\system32\PSAPI.DLL
0x6d7f0000 - 0x6d7ff000 	C:\Program Files\Java\jre6\bin\zip.dll
0x6d000000 - 0x6d14a000 	C:\Program Files\Java\jre6\bin\awt.dll
0x730c0000 - 0x73111000 	c:\Windows\system32\WINSPOOL.DRV
0x77840000 - 0x7799c000 	C:\Windows\system32\ole32.dll
0x74c80000 - 0x74e1e000 	C:\Windows\WinSxS\x86_microsoft.windows.common-controls_6595b64144ccf1df_6.0.7600.16385_none_421189da2b7fabfc\COMCTL32.dll
0x77160000 - 0x771b7000 	C:\Windows\system32\SHLWAPI.dll
0x746c0000 - 0x746d3000 	c:\Windows\system32\DWMAPI.DLL
0x74aa0000 - 0x74ae0000 	C:\Windows\system32\uxtheme.dll
0x6d230000 - 0x6d284000 	C:\Program Files\Java\jre6\bin\fontmanager.dll
0x75c70000 - 0x75c7c000 	c:\Windows\system32\CRYPTBASE.dll
0x760a0000 - 0x76ce9000 	C:\Windows\system32\shell32.dll
0x6d610000 - 0x6d623000 	C:\Program Files\Java\jre6\bin\net.dll
0x774f0000 - 0x77525000 	C:\Windows\system32\WS2_32.dll
0x75ff0000 - 0x75ff6000 	C:\Windows\system32\NSI.dll
0x75610000 - 0x7564c000 	C:\Windows\system32\mswsock.dll
0x75920000 - 0x75926000 	C:\Windows\System32\wship6.dll
0x6d630000 - 0x6d639000 	C:\Program Files\Java\jre6\bin\nio.dll
0x75280000 - 0x75285000 	C:\Windows\System32\wshtcpip.dll
0x10000000 - 0x1005c000 	C:\Windows\System32\toscomm.dll
0x77440000 - 0x774cf000 	C:\Windows\system32\OLEAUT32.DLL
0x755c0000 - 0x75604000 	c:\Windows\system32\DNSAPI.dll
0x735e0000 - 0x735fc000 	c:\Windows\system32\IPHLPAPI.DLL
0x735d0000 - 0x735d7000 	c:\Windows\system32\WINNSI.DLL
0x72f30000 - 0x72f36000 	c:\Windows\system32\rasadhlp.dll
0x73490000 - 0x734c8000 	C:\Windows\System32\fwpuclnt.dll

VM Arguments:
java_command: net.tinyos.sf.SerialForwarder -comm serial@COM4:telosb
Launcher Type: SUN_STANDARD

Environment Variables:
CLASSPATH=K:\cygwin\opt\tinyos-2.x\support\sdk\java\tinyos.jar;.
PATH=K:\cygwin\opt\msp430\bin;K:\cygwin\opt\msp430\bin;K:\cygwin\usr\local\bin;K:\cygwin\bin;K:\cygwin\bin;K:\cygwin\usr\X11R6\bin;c:\Windows\system32;c:\Windows;c:\Windows\System32\Wbem;c:\Program Files\Intel\DMIX;c:\Windows\System32\WindowsPowerShell\v1.0\;c:\PROGRA~1\ATT\Graphviz\bin;c:\PROGRA~1\ATT\Graphviz\bin\tools;c:\PROGRA~1\ATT\Graphviz\bin;c:\PROGRA~1\ATT\Graphviz\bin\tools;c:\Program Files\Java\jdk1.6.0_18\bin;K:\cygwin\opt\RESTapi\RESTapi.jar;K:\cygwin\opt\msp430\bin
USERNAME=adagiowind
LD_LIBRARY_PATH=.;K:\cygwin\opt\msp430\lib
OS=Windows_NT
PROCESSOR_IDENTIFIER=x86 Family 6 Model 23 Stepping 10, GenuineIntel



---------------  S Y S T E M  ---------------

OS: Windows 7 Build 7600 

CPU:total 4 (4 cores per cpu, 1 threads per core) family 6 model 23 stepping 10, cmov, cx8, fxsr, mmx, sse, sse2, sse3, ssse3, sse4.1

Memory: 4k page, physical 2041084k(924224k free), swap 4082168k(2250068k free)

vm_info: Java HotSpot(TM) Client VM (16.0-b13) for windows-x86 JRE (1.6.0_18-b07), built on Dec 17 2009 13:35:55 by "java_re" with MS VC++ 7.1 (VS2003)

time: Sun Apr 18 01:22:37 2010
elapsed time: 406 seconds

