#
# A fatal error has been detected by the Java Runtime Environment:
#
#  EXCEPTION_ACCESS_VIOLATION (0xc0000005) at pc=0x05995b20, pid=4876, tid=5436
#
# JRE version: 6.0_18-b07
# Java VM: Java HotSpot(TM) Client VM (16.0-b13 mixed mode, sharing windows-x86 )
# Problematic frame:
# C  [toscomm.dll+0x55b20]
#
# If you would like to submit a bug report, please visit:
#   http://java.sun.com/webapps/bugreport/crash.jsp
# The crash happened outside the Java Virtual Machine in native code.
# See problematic frame for where to report the bug.
#

---------------  T H R E A D  ---------------

Current thread (0x00720800):  JavaThread "Thread-13" [_thread_in_native, id=5436, stack(0x04170000,0x041c0000)]

siginfo: ExceptionCode=0xc0000005, writing address 0x00000002

Registers:
EAX=0x00000002, EBX=0x00000000, ECX=0x05995b20, EDX=0x474e5543
ESP=0x041bf21c, EBP=0x041bf248, ESI=0x041bf264, EDI=0x04933fb8
EIP=0x05995b20, EFLAGS=0x00010202

Top of Stack: (sp=0x041bf21c)
0x041bf21c:   05953d55 00000001 00000002 432b2b00
0x041bf22c:   474e5543 04933fb8 041bf264 041bf1bc
0x041bf23c:   00000000 00000000 04933fb8 041bf278
0x041bf24c:   059541a5 05949560 0598ab19 041bf26c
0x041bf25c:   0594d5d0 041bf220 041bf1bc 041bf1bc
0x041bf26c:   0598ff58 0598ff44 00000000 041bf838
0x041bf27c:   0595c3ec 04933fb8 041bf320 0595c6e0
0x041bf28c:   041bf750 041bf350 00000400 00000000 

Instructions: (pc=0x05995b20)
0x05995b10:   fe 5a 99 05 00 5b 99 05 02 5b 99 05 20 5b 99 05
0x05995b20:   09 00 00 00 c0 5a 99 05 0e 00 00 00 80 5a 99 05 


Stack: [0x04170000,0x041c0000],  sp=0x041bf21c,  free space=13c041bed38k
Native frames: (J=compiled Java code, j=interpreted, Vv=VM code, C=native code)
C  [toscomm.dll+0x55b20]
C  [toscomm.dll+0x141a5]
C  [toscomm.dll+0x1c3ec]
C  [toscomm.dll+0x39b8]
j  net.tinyos.comm.TOSCommJNI.NativeSerial_write__SWIG_0(JI)I+0
j  net.tinyos.comm.NativeSerial.write(I)I+5
j  net.tinyos.comm.TOSSerial$EventDispatcher.close()V+22
j  net.tinyos.comm.TOSSerial.close()V+11
j  net.tinyos.packet.SerialByteSource.closeStreams()V+4
j  net.tinyos.packet.StreamByteSource.close()V+27
j  net.tinyos.packet.Packetizer.closeSource()V+4
j  net.tinyos.packet.AbstractSource.close()V+13
j  net.tinyos.packet.PhoenixSource.shutdown()V+9
j  net.tinyos.sf.SFListen.cleanup()V+27
j  net.tinyos.sf.SFListen.run()V+303
v  ~StubRoutines::call_stub
V  [jvm.dll+0xf072c]
V  [jvm.dll+0x17fd51]
V  [jvm.dll+0xf08f7]
V  [jvm.dll+0xf096d]
V  [jvm.dll+0x11a4c0]
V  [jvm.dll+0x1dd924]
V  [jvm.dll+0x17f9cc]
C  [msvcr71.dll+0x9565]
C  [kernel32.dll+0x51194]
C  [ntdll.dll+0x5b3f5]
C  [ntdll.dll+0x5b3c8]

Java frames: (J=compiled Java code, j=interpreted, Vv=VM code)
j  net.tinyos.comm.TOSCommJNI.NativeSerial_write__SWIG_0(JI)I+0
j  net.tinyos.comm.NativeSerial.write(I)I+5
j  net.tinyos.comm.TOSSerial$EventDispatcher.close()V+22
j  net.tinyos.comm.TOSSerial.close()V+11
j  net.tinyos.packet.SerialByteSource.closeStreams()V+4
j  net.tinyos.packet.StreamByteSource.close()V+27
j  net.tinyos.packet.Packetizer.closeSource()V+4
j  net.tinyos.packet.AbstractSource.close()V+13
j  net.tinyos.packet.PhoenixSource.shutdown()V+9
j  net.tinyos.sf.SFListen.cleanup()V+27
j  net.tinyos.sf.SFListen.run()V+303
v  ~StubRoutines::call_stub

---------------  P R O C E S S  ---------------

Java Threads: ( => current thread )
  0x00721c00 JavaThread "Thread-14" [_thread_blocked, id=6040, stack(0x04320000,0x04370000)]
  0x00721400 JavaThread "Thread-16" [_thread_blocked, id=5508, stack(0x042d0000,0x04320000)]
  0x00721000 JavaThread "Thread-15" [_thread_blocked, id=3480, stack(0x04200000,0x04250000)]
=>0x00720800 JavaThread "Thread-13" [_thread_in_native, id=5436, stack(0x04170000,0x041c0000)]
  0x007e0800 JavaThread "Thread-9" [_thread_blocked, id=992, stack(0x04410000,0x04460000)]
  0x007e0000 JavaThread "Thread-11" [_thread_blocked, id=2956, stack(0x043c0000,0x04410000)]
  0x05590400 JavaThread "Thread-4" [_thread_blocked, id=1840, stack(0x059a0000,0x059f0000)]
  0x05583800 JavaThread "Thread-6" [_thread_blocked, id=4804, stack(0x04b80000,0x04bd0000)]
  0x0557c400 JavaThread "TimerQueue" daemon [_thread_blocked, id=5392, stack(0x04aa0000,0x04af0000)]
  0x00859800 JavaThread "DestroyJavaVM" [_thread_blocked, id=2800, stack(0x001a0000,0x001f0000)]
  0x03e7b000 JavaThread "AWT-EventQueue-0" [_thread_blocked, id=4996, stack(0x03f70000,0x03fc0000)]
  0x03da0c00 JavaThread "AWT-Windows" daemon [_thread_in_native, id=4360, stack(0x03c90000,0x03ce0000)]
  0x03da0400 JavaThread "AWT-Shutdown" [_thread_blocked, id=5388, stack(0x03b30000,0x03b80000)]
  0x007ea400 JavaThread "Java2D Disposer" daemon [_thread_blocked, id=4496, stack(0x03ae0000,0x03b30000)]
  0x0079a400 JavaThread "Low Memory Detector" daemon [_thread_blocked, id=3748, stack(0x039d0000,0x03a20000)]
  0x00791400 JavaThread "CompilerThread0" daemon [_thread_blocked, id=1268, stack(0x03980000,0x039d0000)]
  0x00790c00 JavaThread "Attach Listener" daemon [_thread_blocked, id=3096, stack(0x03930000,0x03980000)]
  0x0078c800 JavaThread "Signal Dispatcher" daemon [_thread_blocked, id=5656, stack(0x038e0000,0x03930000)]
  0x0073ec00 JavaThread "Finalizer" daemon [_thread_blocked, id=3584, stack(0x03890000,0x038e0000)]
  0x0073d800 JavaThread "Reference Handler" daemon [_thread_blocked, id=2756, stack(0x03840000,0x03890000)]

Other Threads:
  0x0073c400 VMThread [stack: 0x037f0000,0x03840000] [id=2080]
  0x0079bc00 WatcherThread [stack: 0x03a20000,0x03a70000] [id=3204]

VM state:not at safepoint (normal execution)

VM Mutex/Monitor currently owned by a thread: None

Heap
 def new generation   total 4928K, used 2138K [0x23b70000, 0x240c0000, 0x290c0000)
  eden space 4416K,  48% used [0x23b70000, 0x23d867c0, 0x23fc0000)
  from space 512K,   0% used [0x24040000, 0x240401b8, 0x240c0000)
  to   space 512K,   0% used [0x23fc0000, 0x23fc0000, 0x24040000)
 tenured generation   total 10944K, used 1123K [0x290c0000, 0x29b70000, 0x33b70000)
   the space 10944K,  10% used [0x290c0000, 0x291d8ca8, 0x291d8e00, 0x29b70000)
 compacting perm gen  total 12288K, used 702K [0x33b70000, 0x34770000, 0x37b70000)
   the space 12288K,   5% used [0x33b70000, 0x33c1fa80, 0x33c1fc00, 0x34770000)
    ro space 10240K,  51% used [0x37b70000, 0x38097b58, 0x38097c00, 0x38570000)
    rw space 12288K,  54% used [0x38570000, 0x38c04ce0, 0x38c04e00, 0x39170000)

Dynamic libraries:
0x00400000 - 0x00424000 	c:\Windows\system32\java.exe
0x77d50000 - 0x77e8c000 	C:\Windows\SYSTEM32\ntdll.dll
0x77c70000 - 0x77d44000 	C:\Windows\system32\kernel32.dll
0x76150000 - 0x7619a000 	C:\Windows\system32\KERNELBASE.dll
0x77710000 - 0x777b0000 	C:\Windows\system32\ADVAPI32.dll
0x766a0000 - 0x7674c000 	C:\Windows\system32\msvcrt.dll
0x77e90000 - 0x77ea9000 	C:\Windows\SYSTEM32\sechost.dll
0x77830000 - 0x778d1000 	C:\Windows\system32\RPCRT4.dll
0x7c340000 - 0x7c396000 	C:\Program Files\Java\jre6\bin\msvcr71.dll
0x6d800000 - 0x6da97000 	C:\Program Files\Java\jre6\bin\client\jvm.dll
0x76590000 - 0x76659000 	C:\Windows\system32\USER32.dll
0x77f10000 - 0x77f5e000 	C:\Windows\system32\GDI32.dll
0x768f0000 - 0x768fa000 	C:\Windows\system32\LPK.dll
0x77bd0000 - 0x77c6d000 	C:\Windows\system32\USP10.dll
0x74260000 - 0x74292000 	c:\Windows\system32\WINMM.dll
0x77f60000 - 0x77f7f000 	C:\Windows\system32\IMM32.DLL
0x76430000 - 0x764fc000 	C:\Windows\system32\MSCTF.dll
0x75dd0000 - 0x75e1b000 	C:\Windows\system32\apphelp.dll
0x6d7b0000 - 0x6d7bc000 	C:\Program Files\Java\jre6\bin\verify.dll
0x6d330000 - 0x6d34f000 	C:\Program Files\Java\jre6\bin\java.dll
0x6d290000 - 0x6d298000 	C:\Program Files\Java\jre6\bin\hpi.dll
0x778f0000 - 0x778f5000 	C:\Windows\system32\PSAPI.DLL
0x6d7f0000 - 0x6d7ff000 	C:\Program Files\Java\jre6\bin\zip.dll
0x6d000000 - 0x6d14a000 	C:\Program Files\Java\jre6\bin\awt.dll
0x71490000 - 0x714e1000 	c:\Windows\system32\WINSPOOL.DRV
0x775b0000 - 0x7770c000 	C:\Windows\system32\ole32.dll
0x74c10000 - 0x74dae000 	C:\Windows\WinSxS\x86_microsoft.windows.common-controls_6595b64144ccf1df_6.0.7600.16385_none_421189da2b7fabfc\COMCTL32.dll
0x77a70000 - 0x77ac7000 	C:\Windows\system32\SHLWAPI.dll
0x748b0000 - 0x748c3000 	c:\Windows\system32\DWMAPI.DLL
0x74b90000 - 0x74bd0000 	C:\Windows\system32\uxtheme.dll
0x6d230000 - 0x6d284000 	C:\Program Files\Java\jre6\bin\fontmanager.dll
0x10000000 - 0x10032000 	C:\Windows\system\CmGxSrv.DLL
0x6c340000 - 0x6c3b2000 	C:\Windows\system32\DSOUND.dll
0x75260000 - 0x75285000 	C:\Windows\system32\POWRPROF.dll
0x76750000 - 0x768ed000 	C:\Windows\system32\SETUPAPI.dll
0x75fe0000 - 0x76007000 	C:\Windows\system32\CFGMGR32.dll
0x761a0000 - 0x7622f000 	C:\Windows\system32\OLEAUT32.dll
0x76010000 - 0x76022000 	C:\Windows\system32\DEVOBJ.dll
0x75e20000 - 0x75e2c000 	c:\Windows\system32\CRYPTBASE.dll
0x76950000 - 0x77599000 	C:\Windows\system32\shell32.dll
0x6d610000 - 0x6d623000 	C:\Program Files\Java\jre6\bin\net.dll
0x76660000 - 0x76695000 	C:\Windows\system32\WS2_32.dll
0x775a0000 - 0x775a6000 	C:\Windows\system32\NSI.dll
0x758e0000 - 0x7591c000 	C:\Windows\system32\mswsock.dll
0x75ad0000 - 0x75ad6000 	C:\Windows\System32\wship6.dll
0x6d630000 - 0x6d639000 	C:\Program Files\Java\jre6\bin\nio.dll
0x05940000 - 0x0599c000 	C:\Windows\System32\toscomm.dll
0x75430000 - 0x75435000 	C:\Windows\System32\wshtcpip.dll
0x757b0000 - 0x757f4000 	c:\Windows\system32\DNSAPI.dll
0x73f80000 - 0x73f9c000 	c:\Windows\system32\IPHLPAPI.DLL
0x73f70000 - 0x73f77000 	c:\Windows\system32\WINNSI.DLL
0x71500000 - 0x71506000 	c:\Windows\system32\rasadhlp.dll
0x73ca0000 - 0x73cd8000 	C:\Windows\System32\fwpuclnt.dll

VM Arguments:
java_command: net.tinyos.sf.SerialForwarder -comm serial@COM15:telosb
Launcher Type: SUN_STANDARD

Environment Variables:
CLASSPATH=K:\cygwin\opt\tinyos-2.x\support\sdk\java\tinyos.jar;.
PATH=K:\cygwin\opt\msp430\bin;K:\cygwin\usr\local\bin;K:\cygwin\bin;K:\cygwin\bin;K:\cygwin\usr\X11R6\bin;c:\Windows\system32;c:\Windows;c:\Windows\System32\Wbem;c:\Program Files\Intel\DMIX;c:\Windows\System32\WindowsPowerShell\v1.0\;c:\PROGRA~1\ATT\Graphviz\bin;c:\PROGRA~1\ATT\Graphviz\bin\tools;c:\PROGRA~1\ATT\Graphviz\bin;c:\PROGRA~1\ATT\Graphviz\bin\tools;c:\Program Files\Java\jdk1.6.0_18\bin;K:\cygwin\opt\RESTapi\RESTapi.jar;K:\cygwin\opt\msp430\bin
USERNAME=adagiowind
LD_LIBRARY_PATH=.;K:\cygwin\opt\msp430\lib
OS=Windows_NT
PROCESSOR_IDENTIFIER=x86 Family 6 Model 23 Stepping 10, GenuineIntel



---------------  S Y S T E M  ---------------

OS: Windows 7 Build 7600 

CPU:total 4 (4 cores per cpu, 1 threads per core) family 6 model 23 stepping 10, cmov, cx8, fxsr, mmx, sse, sse2, sse3, ssse3, sse4.1

Memory: 4k page, physical 2041084k(972460k free), swap 4082168k(2589532k free)

vm_info: Java HotSpot(TM) Client VM (16.0-b13) for windows-x86 JRE (1.6.0_18-b07), built on Dec 17 2009 13:35:55 by "java_re" with MS VC++ 7.1 (VS2003)

time: Thu May 27 12:09:14 2010
elapsed time: 875 seconds

